<?xml version="1.0" encoding="UTF-8"?>
<!-- Generated by org.testng.reporters.JUnitXMLReporter -->
<testsuite hostname="P11-AS-GGLC102" ignored="0" name="test one " tests="8" failures="0" timestamp="06 Mar 2018 17:08:49 GMT" time="0.103" errors="0">
  <testcase name="testCow" time="0.007" classname="TestNg_Asserts.Test_Grouping"/>
  <testcase name="testGoat" time="0.002" classname="TestNg_Asserts.Test_Grouping"/>
  <testcase name="testJaguar" time="0.003" classname="TestNg_Asserts.Test_Grouping"/>
  <testcase name="testPanther" time="0.001" classname="TestNg_Asserts.Test_Grouping"/>
  <testcase name="testTiger" time="0.001" classname="TestNg_Asserts.Test_Grouping"/>
  <testcase name="testmethod3" time="0.002" classname="TestNg_Asserts.Test_Priority"/>
  <testcase name="testmethod2" time="0.002" classname="TestNg_Asserts.Test_Priority"/>
  <testcase name="testmethod1" time="0.002" classname="TestNg_Asserts.Test_Priority"/>
</testsuite> <!-- test one  -->
