<?xml version="1.0" encoding="UTF-8"?>
<testng-results skipped="0" failed="0" ignored="0" total="1" passed="1">
  <reporter-output>
  </reporter-output>
  <suite name="Regression TestSuite" duration-ms="113688" started-at="2018-10-24T02:26:40Z" finished-at="2018-10-24T02:28:34Z">
    <groups>
    </groups>
    <test name="Navigating to VT Login Page " duration-ms="113688" started-at="2018-10-24T02:26:40Z" finished-at="2018-10-24T02:28:34Z">
      <class name="vendorly.Test.vTloginPage">
        <test-method status="PASS" signature="Setup()[pri:0, instance:vendorly.Test.vTloginPage@68837a77]" name="Setup" is-config="true" duration-ms="25661" started-at="2018-10-24T02:26:40Z" finished-at="2018-10-24T02:27:06Z">
          <reporter-output>
          </reporter-output>
        </test-method> <!-- Setup -->
        <test-method status="PASS" signature="LoginPage()[pri:0, instance:vendorly.Test.vTloginPage@68837a77]" name="LoginPage" duration-ms="87101" started-at="2018-10-24T02:27:06Z" finished-at="2018-10-24T02:28:33Z">
          <reporter-output>
          </reporter-output>
        </test-method> <!-- LoginPage -->
        <test-method status="PASS" signature="TearDown()[pri:0, instance:vendorly.Test.vTloginPage@68837a77]" name="TearDown" is-config="true" duration-ms="886" started-at="2018-10-24T02:28:33Z" finished-at="2018-10-24T02:28:34Z">
          <reporter-output>
          </reporter-output>
        </test-method> <!-- TearDown -->
      </class> <!-- vendorly.Test.vTloginPage -->
    </test> <!-- Navigating to VT Login Page  -->
  </suite> <!-- Regression TestSuite -->
</testng-results>
