<?xml version="1.0" encoding="UTF-8"?>
<!-- Generated by org.testng.reporters.JUnitXMLReporter -->
<testsuite hostname="P11-AS-GGLC102" ignored="0" name="Firefox" tests="1" failures="0" timestamp="09 Mar 2018 11:10:41 GMT" time="0.109" errors="0">
  <testcase name="@BeforeClass setup" time="0.016" classname="TestNg_Asserts.PractiseTest">
    <failure type="java.lang.NullPointerException">
      <![CDATA[java.lang.NullPointerException
at TestNg_Asserts.PractiseTest.setup(PractiseTest.java:40)
at java.util.concurrent.FutureTask.run(FutureTask.java:266)
at java.util.concurrent.ThreadPoolExecutor.runWorker(ThreadPoolExecutor.java:1149)
at java.util.concurrent.ThreadPoolExecutor$Worker.run(ThreadPoolExecutor.java:624)
at java.lang.Thread.run(Thread.java:748)
... Removed 17 stack frames]]>
    </failure>
  </testcase> <!-- @BeforeClass setup -->
  <testcase name="@AfterClass afterClass" time="0.0" classname="TestNg_Asserts.PractiseTest">
    <skipped/>
  </testcase> <!-- @AfterClass afterClass -->
  <testcase name="Login" time="0.0" classname="TestNg_Asserts.PractiseTest">
    <skipped/>
  </testcase> <!-- Login -->
</testsuite> <!-- Firefox -->
