<?xml version="1.0" encoding="UTF-8"?>
<!-- Generated by org.testng.reporters.JUnitXMLReporter -->
<testsuite hostname="P11-AS-GGLC102" ignored="0" name="Demo" tests="3" failures="1" timestamp="28 Nov 2018 14:38:32 GMT" time="1.871" errors="0">
  <testcase name="test1" time="1.607" classname="TestNgSamples.testDemo"/>
  <testcase name="test3" time="0.025" classname="TestNgSamples.testDemo">
    <failure type="java.lang.AssertionError">
      <![CDATA[java.lang.AssertionError
at org.junit.Assert.fail(Assert.java:86)
at org.junit.Assert.assertTrue(Assert.java:41)
at org.junit.Assert.assertTrue(Assert.java:52)
at TestNgSamples.testDemo.test3(testDemo.java:87)
at java.util.concurrent.FutureTask.run(FutureTask.java:266)
at java.util.concurrent.ThreadPoolExecutor.runWorker(ThreadPoolExecutor.java:1149)
at java.util.concurrent.ThreadPoolExecutor$Worker.run(ThreadPoolExecutor.java:624)
at java.lang.Thread.run(Thread.java:748)
... Removed 16 stack frames]]>
    </failure>
  </testcase> <!-- test3 -->
  <testcase name="test2" time="0.0" classname="TestNgSamples.testDemo">
    <skipped/>
  </testcase> <!-- test2 -->
</testsuite> <!-- Demo -->
