<?xml version="1.0" encoding="UTF-8"?>
<!-- Generated by org.testng.reporters.JUnitXMLReporter -->
<testsuite hostname="P11-AS-GGLC102" ignored="0" name="GroupsDemo" tests="3" failures="0" timestamp="20 Nov 2018 18:28:49 GMT" time="0.085" errors="0">
  <testcase name="test1" time="0.011" classname="TestNgSamples.testDemo"/>
  <testcase name="test2" time="0.003" classname="TestNgSamples.testDemo"/>
  <testcase name="test3" time="0.003" classname="TestNgSamples.testDemo"/>
</testsuite> <!-- GroupsDemo -->
