<?xml version="1.0" encoding="UTF-8"?>
<!-- Generated by org.testng.reporters.JUnitXMLReporter -->
<testsuite hostname="P11-AS-GGLC102" ignored="0" name="Default test" tests="3" failures="0" timestamp="06 Sep 2018 11:11:50 GMT" time="142.474" errors="0">
  <testcase name="verifyHotelSearch" time="28.12" classname="com.pHpTravel.test.HomePageHotelsTab"/>
  <testcase name="verifyHotelSearch" time="30.31" classname="com.pHpTravel.test.HomePageHotelsTab"/>
  <testcase name="verifyHotelSearch" time="30.449" classname="com.pHpTravel.test.HomePageHotelsTab"/>
</testsuite> <!-- Default test -->
