<?xml version="1.0" encoding="UTF-8"?>
<!-- Generated by org.testng.reporters.JUnitXMLReporter -->
<testsuite hostname="P11-AS-GGLC102" ignored="0" name="GroupsDemo" tests="3" failures="1" timestamp="13 Mar 2018 15:05:24 GMT" time="0.137" errors="0">
  <testcase name="testmethod" time="0.016" classname="TestNg_Asserts.TestNg_Reporting"/>
  <testcase name="testmethod2" time="0.0" classname="TestNg_Asserts.TestNg_Reporting">
    <failure type="java.lang.AssertionError" message="expected [true] but found [false]">
      <![CDATA[java.lang.AssertionError: expected [true] but found [false]
at TestNg_Asserts.TestNg_Reporting.testmethod2(TestNg_Reporting.java:22)
... Removed 29 stack frames]]>
    </failure>
  </testcase> <!-- testmethod2 -->
  <testcase name="testmethod3" time="0.0" classname="TestNg_Asserts.TestNg_Reporting">
    <skipped/>
  </testcase> <!-- testmethod3 -->
</testsuite> <!-- GroupsDemo -->
