<?xml version="1.0" encoding="UTF-8"?>
<testng-results skipped="0" failed="0" ignored="0" total="2" passed="2">
  <reporter-output>
  </reporter-output>
  <suite name="Default suite" duration-ms="109" started-at="2018-08-30T12:39:44Z" finished-at="2018-08-30T12:39:44Z">
    <groups>
    </groups>
    <test name="Default test" duration-ms="109" started-at="2018-08-30T12:39:44Z" finished-at="2018-08-30T12:39:44Z">
      <class name="TestNg_Asserts.TestNG_Listeners2">
        <test-method status="PASS" signature="setup()[pri:0, instance:TestNg_Asserts.TestNG_Listeners2@29774679]" name="setup" is-config="true" duration-ms="32" started-at="2018-08-30T12:39:44Z" finished-at="2018-08-30T12:39:44Z">
          <reporter-output>
          </reporter-output>
        </test-method> <!-- setup -->
        <test-method status="PASS" signature="testmethod1()[pri:0, instance:TestNg_Asserts.TestNG_Listeners2@29774679]" name="testmethod1" duration-ms="8" started-at="2018-08-30T12:39:44Z" finished-at="2018-08-30T12:39:44Z">
          <reporter-output>
          </reporter-output>
        </test-method> <!-- testmethod1 -->
        <test-method status="PASS" signature="testmethod2()[pri:0, instance:TestNg_Asserts.TestNG_Listeners2@29774679]" name="testmethod2" duration-ms="4" started-at="2018-08-30T12:39:44Z" finished-at="2018-08-30T12:39:44Z">
          <reporter-output>
          </reporter-output>
        </test-method> <!-- testmethod2 -->
        <test-method status="PASS" signature="clean()[pri:0, instance:TestNg_Asserts.TestNG_Listeners2@29774679]" name="clean" is-config="true" duration-ms="0" started-at="2018-08-30T12:39:44Z" finished-at="2018-08-30T12:39:44Z">
          <reporter-output>
          </reporter-output>
        </test-method> <!-- clean -->
      </class> <!-- TestNg_Asserts.TestNG_Listeners2 -->
    </test> <!-- Default test -->
  </suite> <!-- Default suite -->
</testng-results>
