<?xml version="1.0" encoding="UTF-8"?>
<!-- Generated by org.testng.reporters.JUnitXMLReporter -->
<testsuite hostname="P11-AS-GGLC102" ignored="0" name="GroupsDemo" tests="6" failures="0" timestamp="07 Sep 2018 04:07:34 GMT" time="178.033" errors="0">
  <testcase name="PageTitle" time="5.07" classname="com.pHpTravel.test.HomePageFrontEnd"/>
  <testcase name="verifyHotelSearch" time="28.403" classname="com.pHpTravel.test.HomePageHotelsTab"/>
  <testcase name="verifyHotelSearch" time="28.414" classname="com.pHpTravel.test.HomePageHotelsTab"/>
  <testcase name="verifyHotelSearch" time="28.392" classname="com.pHpTravel.test.HomePageHotelsTab"/>
  <testcase name="veriyLoginPage" time="17.085" classname="com.pHpTravel.test.UserLoginPage"/>
  <testcase name="verifyPhpTravelsLogo" time="5.28" classname="com.pHpTravel.test.HomePageFrontEnd"/>
</testsuite> <!-- GroupsDemo -->
