<?xml version="1.0" encoding="UTF-8"?>
<!-- Generated by org.testng.reporters.JUnitXMLReporter -->
<testsuite hostname="P11-AS-GGLC102" ignored="0" name="Navigating to www.phptravels.net Page " tests="2" failures="0" timestamp="19 Sep 2018 17:53:05 GMT" time="31.08" errors="0">
  <testcase name="PageTitle" time="5.581" classname="com.pHpTravel.test.HomePageFrontEnd"/>
  <testcase name="verifyPhpTravelsLogo" time="6.172" classname="com.pHpTravel.test.HomePageFrontEnd"/>
</testsuite> <!-- Navigating to www.phptravels.net Page  -->
