<?xml version="1.0" encoding="UTF-8"?>
<!-- Generated by org.testng.reporters.JUnitXMLReporter -->
<testsuite hostname="P11-AS-GGLC102" ignored="0" name="Search for City with Check/Checout Date and Travellers list" tests="3" failures="0" timestamp="18 Sep 2018 16:54:30 GMT" time="137.892" errors="0">
  <testcase name="@AfterClass SendEmail" time="0.012" classname="com.vt.qa.base.TestBase">
    <failure type="org.apache.commons.mail.EmailException" message="Sending the email to the following server failed : smtp.googleemail.com:465">
      <![CDATA[org.apache.commons.mail.EmailException: Sending the email to the following server failed : smtp.googleemail.com:465
at org.apache.commons.mail.Email.sendMimeMessage(Email.java:1401)
at org.apache.commons.mail.Email.send(Email.java:1428)
at com.vt.qa.utils.EmailUtility.SimpleTextEmail(EmailUtility.java:27)
at com.vt.qa.base.TestBase.SendEmail(TestBase.java:137)
Caused by: javax.mail.MessagingException: Unknown SMTP host: smtp.googleemail.com;
  nested exception is:
java.net.UnknownHostException: smtp.googleemail.com
at com.sun.mail.smtp.SMTPTransport.openServer(SMTPTransport.java:1970)
at com.sun.mail.smtp.SMTPTransport.protocolConnect(SMTPTransport.java:642)
at javax.mail.Service.connect(Service.java:295)
at javax.mail.Service.connect(Service.java:176)
at javax.mail.Service.connect(Service.java:125)
at javax.mail.Transport.send0(Transport.java:194)
at javax.mail.Transport.send(Transport.java:124)
at org.apache.commons.mail.Email.sendMimeMessage(Email.java:1391)
... 29 more
Caused by: java.net.UnknownHostException: smtp.googleemail.com
at java.net.AbstractPlainSocketImpl.connect(AbstractPlainSocketImpl.java:184)
at java.net.PlainSocketImpl.connect(PlainSocketImpl.java:172)
at java.net.SocksSocketImpl.connect(SocksSocketImpl.java:392)
at java.net.Socket.connect(Socket.java:589)
at sun.security.ssl.SSLSocketImpl.connect(SSLSocketImpl.java:673)
at com.sun.mail.util.SocketFetcher.createSocket(SocketFetcher.java:317)
at com.sun.mail.util.SocketFetcher.getSocket(SocketFetcher.java:207)
at com.sun.mail.smtp.SMTPTransport.openServer(SMTPTransport.java:1938)
... 36 more
... Removed 26 stack frames]]>
    </failure>
  </testcase> <!-- @AfterClass SendEmail -->
  <testcase name="verifyHotelSearch" time="35.759" classname="com.pHpTravel.test.HomePageHotelsTab"/>
  <testcase name="verifyHotelSearch" time="34.602" classname="com.pHpTravel.test.HomePageHotelsTab"/>
  <testcase name="verifyHotelSearch" time="34.782" classname="com.pHpTravel.test.HomePageHotelsTab"/>
</testsuite> <!-- Search for City with Check/Checout Date and Travellers list -->
