<?xml version="1.0" encoding="UTF-8"?>
<testng-results skipped="0" failed="1" ignored="0" total="1" passed="0">
  <reporter-output>
  </reporter-output>
  <suite name="Regression TestSuite" duration-ms="65502" started-at="2018-10-28T05:46:40Z" finished-at="2018-10-28T05:47:45Z">
    <groups>
    </groups>
    <test name="Navigating to VT Login Page " duration-ms="65502" started-at="2018-10-28T05:46:40Z" finished-at="2018-10-28T05:47:45Z">
      <class name="vendorly.Test.vTloginPage">
        <test-method status="PASS" signature="Setup()[pri:0, instance:vendorly.Test.vTloginPage@3abbfa04]" name="Setup" is-config="true" duration-ms="6102" started-at="2018-10-28T05:46:40Z" finished-at="2018-10-28T05:46:46Z">
          <reporter-output>
          </reporter-output>
        </test-method> <!-- Setup -->
        <test-method status="FAIL" signature="CreateOfferWindow(java.lang.String, java.lang.String, java.lang.String)[pri:2, instance:vendorly.Test.vTloginPage@3abbfa04]" name="CreateOfferWindow" duration-ms="58386" started-at="2018-10-28T05:46:46Z" data-provider="Product" finished-at="2018-10-28T05:47:44Z">
          <params>
            <param index="0">
              <value>
                <![CDATA[Asset Management]]>
              </value>
            </param>
            <param index="1">
              <value>
                <![CDATA[Redemption]]>
              </value>
            </param>
            <param index="2">
              <value>
                <![CDATA[Redemption Orders]]>
              </value>
            </param>
          </params>
          <exception class="org.openqa.selenium.support.ui.UnexpectedTagNameException">
            <message>
              <![CDATA[Element should have been "select" but was "button"
Build info: version: '3.13.0', revision: '2f0d292', time: '2018-06-25T15:24:21.231Z'
System info: host: 'P11-AS-GGLC102', ip: '172.24.247.5', os.name: 'Windows 10', os.arch: 'amd64', os.version: '10.0', java.version: '1.8.0_144'
Driver info: driver.version: unknown]]>
            </message>
            <full-stacktrace>
              <![CDATA[org.openqa.selenium.support.ui.UnexpectedTagNameException: Element should have been "select" but was "button"
Build info: version: '3.13.0', revision: '2f0d292', time: '2018-06-25T15:24:21.231Z'
System info: host: 'P11-AS-GGLC102', ip: '172.24.247.5', os.name: 'Windows 10', os.arch: 'amd64', os.version: '10.0', java.version: '1.8.0_144'
Driver info: driver.version: unknown
at org.openqa.selenium.support.ui.Select.<init>(Select.java:47)
at utiLity.FpProductSelection.CreateOffer(FpProductSelection.java:26)
at vendorly.Test.vTloginPage.CreateOfferWindow(vTloginPage.java:48)
at sun.reflect.NativeMethodAccessorImpl.invoke0(Native Method)
at sun.reflect.NativeMethodAccessorImpl.invoke(NativeMethodAccessorImpl.java:62)
at sun.reflect.DelegatingMethodAccessorImpl.invoke(DelegatingMethodAccessorImpl.java:43)
at java.lang.reflect.Method.invoke(Method.java:498)
at org.testng.internal.MethodInvocationHelper.invokeMethod(MethodInvocationHelper.java:124)
at org.testng.internal.Invoker.invokeMethod(Invoker.java:583)
at org.testng.internal.Invoker.invokeTestMethod(Invoker.java:719)
at org.testng.internal.Invoker.invokeTestMethods(Invoker.java:989)
at org.testng.internal.TestMethodWorker.invokeTestMethods(TestMethodWorker.java:125)
at org.testng.internal.TestMethodWorker.run(TestMethodWorker.java:109)
at org.testng.TestRunner.privateRun(TestRunner.java:648)
at org.testng.TestRunner.run(TestRunner.java:505)
at org.testng.SuiteRunner.runTest(SuiteRunner.java:455)
at org.testng.SuiteRunner.runSequentially(SuiteRunner.java:450)
at org.testng.SuiteRunner.privateRun(SuiteRunner.java:415)
at org.testng.SuiteRunner.run(SuiteRunner.java:364)
at org.testng.SuiteRunnerWorker.runSuite(SuiteRunnerWorker.java:52)
at org.testng.SuiteRunnerWorker.run(SuiteRunnerWorker.java:84)
at org.testng.TestNG.runSuitesSequentially(TestNG.java:1208)
at org.testng.TestNG.runSuitesLocally(TestNG.java:1137)
at org.testng.TestNG.runSuites(TestNG.java:1049)
at org.testng.TestNG.run(TestNG.java:1017)
at org.testng.remote.AbstractRemoteTestNG.run(AbstractRemoteTestNG.java:114)
at org.testng.remote.RemoteTestNG.initAndRun(RemoteTestNG.java:251)
at org.testng.remote.RemoteTestNG.main(RemoteTestNG.java:77)
]]>
            </full-stacktrace>
          </exception> <!-- org.openqa.selenium.support.ui.UnexpectedTagNameException -->
          <reporter-output>
          </reporter-output>
        </test-method> <!-- CreateOfferWindow -->
        <test-method status="PASS" signature="TearDown()[pri:0, instance:vendorly.Test.vTloginPage@3abbfa04]" name="TearDown" is-config="true" duration-ms="950" started-at="2018-10-28T05:47:44Z" finished-at="2018-10-28T05:47:45Z">
          <reporter-output>
          </reporter-output>
        </test-method> <!-- TearDown -->
      </class> <!-- vendorly.Test.vTloginPage -->
    </test> <!-- Navigating to VT Login Page  -->
  </suite> <!-- Regression TestSuite -->
</testng-results>
